# JRE version: Java(TM) SE Runtime Environment (8.0_101-b13) (build 1.8.0_101-b13)
# Java VM: Java HotSpot(TM) 64-Bit Server VM (25.101-b13 mixed mode windows-amd64 compressed oops)
Heap:
 PSYoungGen      total 311808K, used 42862K [0x00000000eab00000, 0x0000000100000000, 0x0000000100000000)
  eden space 277504K, 8% used [0x00000000eab00000,0x00000000ec18e588,0x00000000fba00000)
  from space 34304K, 57% used [0x00000000fba00000,0x00000000fcd4d320,0x00000000fdb80000)
  to   space 35328K, 0% used [0x00000000fdd80000,0x00000000fdd80000,0x0000000100000000)
 ParOldGen       total 159744K, used 74597K [0x00000000c0000000, 0x00000000c9c00000, 0x00000000eab00000)
  object space 159744K, 46% used [0x00000000c0000000,0x00000000c48d94b0,0x00000000c9c00000)
 Metaspace       used 69642K, capacity 75786K, committed 75992K, reserved 1114112K
  class space    used 9746K, capacity 11705K, committed 11776K, reserved 1048576K
GC Heap History (10 events):
Event: 174.965 GC heap before
{Heap before GC invocations=23 (full 5):
 PSYoungGen      total 308736K, used 27613K [0x00000000eab00000, 0x0000000100000000, 0x0000000100000000)
  eden space 276480K, 0% used [0x00000000eab00000,0x00000000eab00000,0x00000000fb900000)
  from space 32256K, 85% used [0x00000000fe080000,0x00000000ffb77410,0x0000000100000000)
  to   space 36352K, 0% used [0x00000000fb900000,0x00000000fb900000,0x00000000fdc80000)
 ParOldGen       total 105984K, used 97056K [0x00000000c0000000, 0x00000000c6780000, 0x00000000eab00000)
  object space 105984K, 91% used [0x00000000c0000000,0x00000000c5ec81e0,0x00000000c6780000)
 Metaspace       used 55796K, capacity 60498K, committed 60632K, reserved 1099776K
  class space    used 7872K, capacity 9420K, committed 9472K, reserved 1048576K
Event: 175.159 GC heap after
Heap after GC invocations=23 (full 5):
 PSYoungGen      total 308736K, used 0K [0x00000000eab00000, 0x0000000100000000, 0x0000000100000000)
  eden space 276480K, 0% used [0x00000000eab00000,0x00000000eab00000,0x00000000fb900000)
  from space 32256K, 0% used [0x00000000fe080000,0x00000000fe080000,0x0000000100000000)
  to   space 36352K, 0% used [0x00000000fb900000,0x00000000fb900000,0x00000000fdc80000)
 ParOldGen       total 159744K, used 98744K [0x00000000c0000000, 0x00000000c9c00000, 0x00000000eab00000)
  object space 159744K, 61% used [0x00000000c0000000,0x00000000c606e058,0x00000000c9c00000)
 Metaspace       used 55796K, capacity 60498K, committed 60632K, reserved 1099776K
  class space    used 7872K, capacity 9420K, committed 9472K, reserved 1048576K
}
Event: 176.188 GC heap before
{Heap before GC invocations=24 (full 5):
 PSYoungGen      total 308736K, used 72559K [0x00000000eab00000, 0x0000000100000000, 0x0000000100000000)
  eden space 276480K, 26% used [0x00000000eab00000,0x00000000ef1dbc68,0x00000000fb900000)
  from space 32256K, 0% used [0x00000000fe080000,0x00000000fe080000,0x0000000100000000)
  to   space 36352K, 0% used [0x00000000fb900000,0x00000000fb900000,0x00000000fdc80000)
 ParOldGen       total 159744K, used 98744K [0x00000000c0000000, 0x00000000c9c00000, 0x00000000eab00000)
  object space 159744K, 61% used [0x00000000c0000000,0x00000000c606e058,0x00000000c9c00000)
 Metaspace       used 55939K, capacity 60600K, committed 60632K, reserved 1099776K
  class space    used 7898K, capacity 9454K, committed 9472K, reserved 1048576K
Event: 176.194 GC heap after
Heap after GC invocations=24 (full 5):
 PSYoungGen      total 312832K, used 3763K [0x00000000eab00000, 0x0000000100000000, 0x0000000100000000)
  eden space 276480K, 0% used [0x00000000eab00000,0x00000000eab00000,0x00000000fb900000)
  from space 36352K, 10% used [0x00000000fb900000,0x00000000fbcacfe0,0x00000000fdc80000)
  to   space 35328K, 0% used [0x00000000fdd80000,0x00000000fdd80000,0x0000000100000000)
 ParOldGen       total 159744K, used 98744K [0x00000000c0000000, 0x00000000c9c00000, 0x00000000eab00000)
  object space 159744K, 61% used [0x00000000c0000000,0x00000000c606e058,0x00000000c9c00000)
 Metaspace       used 55939K, capacity 60600K, committed 60632K, reserved 1099776K
  class space    used 7898K, capacity 9454K, committed 9472K, reserved 1048576K
}
Event: 176.194 GC heap before
{Heap before GC invocations=25 (full 6):
 PSYoungGen      total 312832K, used 3763K [0x00000000eab00000, 0x0000000100000000, 0x0000000100000000)
  eden space 276480K, 0% used [0x00000000eab00000,0x00000000eab00000,0x00000000fb900000)
  from space 36352K, 10% used [0x00000000fb900000,0x00000000fbcacfe0,0x00000000fdc80000)
  to   space 35328K, 0% used [0x00000000fdd80000,0x00000000fdd80000,0x0000000100000000)
 ParOldGen       total 159744K, used 98744K [0x00000000c0000000, 0x00000000c9c00000, 0x00000000eab00000)
  object space 159744K, 61% used [0x00000000c0000000,0x00000000c606e058,0x00000000c9c00000)
 Metaspace       used 55939K, capacity 60600K, committed 60632K, reserved 1099776K
  class space    used 7898K, capacity 9454K, committed 9472K, reserved 1048576K
Event: 176.601 GC heap after
Heap after GC invocations=25 (full 6):
 PSYoungGen      total 312832K, used 0K [0x00000000eab00000, 0x0000000100000000, 0x0000000100000000)
  eden space 276480K, 0% used [0x00000000eab00000,0x00000000eab00000,0x00000000fb900000)
  from space 36352K, 0% used [0x00000000fb900000,0x00000000fb900000,0x00000000fdc80000)
  to   space 35328K, 0% used [0x00000000fdd80000,0x00000000fdd80000,0x0000000100000000)
 ParOldGen       total 159744K, used 70541K [0x00000000c0000000, 0x00000000c9c00000, 0x00000000eab00000)
  object space 159744K, 44% used [0x00000000c0000000,0x00000000c44e3708,0x00000000c9c00000)
 Metaspace       used 55897K, capacity 60486K, committed 60632K, reserved 1099776K
  class space    used 7888K, capacity 9420K, committed 9472K, reserved 1048576K
}
Event: 478.043 GC heap before
{Heap before GC invocations=26 (full 6):
 PSYoungGen      total 312832K, used 276480K [0x00000000eab00000, 0x0000000100000000, 0x0000000100000000)
  eden space 276480K, 100% used [0x00000000eab00000,0x00000000fb900000,0x00000000fb900000)
  from space 36352K, 0% used [0x00000000fb900000,0x00000000fb900000,0x00000000fdc80000)
  to   space 35328K, 0% used [0x00000000fdd80000,0x00000000fdd80000,0x0000000100000000)
 ParOldGen       total 159744K, used 70541K [0x00000000c0000000, 0x00000000c9c00000, 0x00000000eab00000)
  object space 159744K, 44% used [0x00000000c0000000,0x00000000c44e3708,0x00000000c9c00000)
 Metaspace       used 56503K, capacity 61616K, committed 61912K, reserved 1101824K
  class space    used 7944K, capacity 9634K, committed 9728K, reserved 1048576K
Event: 478.052 GC heap after
Heap after GC invocations=26 (full 6):
 PSYoungGen      total 309760K, used 5680K [0x00000000eab00000, 0x00000000ffd00000, 0x0000000100000000)
  eden space 277504K, 0% used [0x00000000eab00000,0x00000000eab00000,0x00000000fba00000)
  from space 32256K, 17% used [0x00000000fdd80000,0x00000000fe30c040,0x00000000ffd00000)
  to   space 34304K, 0% used [0x00000000fba00000,0x00000000fba00000,0x00000000fdb80000)
 ParOldGen       total 159744K, used 70549K [0x00000000c0000000, 0x00000000c9c00000, 0x00000000eab00000)
  object space 159744K, 44% used [0x00000000c0000000,0x00000000c44e5708,0x00000000c9c00000)
 Metaspace       used 56503K, capacity 61616K, committed 61912K, reserved 1101824K
  class space    used 7944K, capacity 9634K, committed 9728K, reserved 1048576K
}
Event: 483.841 GC heap before
{Heap before GC invocations=27 (full 6):
 PSYoungGen      total 309760K, used 283184K [0x00000000eab00000, 0x00000000ffd00000, 0x0000000100000000)
  eden space 277504K, 100% used [0x00000000eab00000,0x00000000fba00000,0x00000000fba00000)
  from space 32256K, 17% used [0x00000000fdd80000,0x00000000fe30c040,0x00000000ffd00000)
  to   space 34304K, 0% used [0x00000000fba00000,0x00000000fba00000,0x00000000fdb80000)
 ParOldGen       total 159744K, used 70549K [0x00000000c0000000, 0x00000000c9c00000, 0x00000000eab00000)
  object space 159744K, 44% used [0x00000000c0000000,0x00000000c44e5708,0x00000000c9c00000)
 Metaspace       used 69297K, capacity 75272K, committed 75352K, reserved 1114112K
  class space    used 9696K, capacity 11640K, committed 11648K, reserved 1048576K
Event: 483.868 GC heap after
Heap after GC invocations=27 (full 6):
 PSYoungGen      total 311808K, used 19764K [0x00000000eab00000, 0x0000000100000000, 0x0000000100000000)
  eden space 277504K, 0% used [0x00000000eab00000,0x00000000eab00000,0x00000000fba00000)
  from space 34304K, 57% used [0x00000000fba00000,0x00000000fcd4d320,0x00000000fdb80000)
  to   space 35328K, 0% used [0x00000000fdd80000,0x00000000fdd80000,0x0000000100000000)
 ParOldGen       total 159744K, used 74597K [0x00000000c0000000, 0x00000000c9c00000, 0x00000000eab00000)
  object space 159744K, 46% used [0x00000000c0000000,0x00000000c48d94b0,0x00000000c9c00000)
 Metaspace       used 69297K, capacity 75272K, committed 75352K, reserved 1114112K
  class space    used 9696K, capacity 11640K, committed 11648K, reserved 1048576K
}

